Determining if the pthread_create exist failed with the following output:
Change Dir: /home/yoom/ethereum_parallel_execution/solidity/build/CMakeFiles/CMakeTmp

Run Build Command:"/usr/bin/make" "cmTC_fac81/fast"
/usr/bin/make -f CMakeFiles/cmTC_fac81.dir/build.make CMakeFiles/cmTC_fac81.dir/build
make[1]: Entering directory '/home/yoom/ethereum_parallel_execution/solidity/build/CMakeFiles/CMakeTmp'
Building CXX object CMakeFiles/cmTC_fac81.dir/CheckSymbolExists.cxx.o
/usr/bin/c++    -std=c++14 -o CMakeFiles/cmTC_fac81.dir/CheckSymbolExists.cxx.o -c /home/yoom/ethereum_parallel_execution/solidity/build/CMakeFiles/CMakeTmp/CheckSymbolExists.cxx
Linking CXX executable cmTC_fac81
/usr/bin/cmake -E cmake_link_script CMakeFiles/cmTC_fac81.dir/link.txt --verbose=1
/usr/bin/c++       CMakeFiles/cmTC_fac81.dir/CheckSymbolExists.cxx.o  -o cmTC_fac81 
CMakeFiles/cmTC_fac81.dir/CheckSymbolExists.cxx.o: In function `main':
CheckSymbolExists.cxx:(.text+0x1b): undefined reference to `pthread_create'
collect2: error: ld returned 1 exit status
CMakeFiles/cmTC_fac81.dir/build.make:97: recipe for target 'cmTC_fac81' failed
make[1]: *** [cmTC_fac81] Error 1
make[1]: Leaving directory '/home/yoom/ethereum_parallel_execution/solidity/build/CMakeFiles/CMakeTmp'
Makefile:126: recipe for target 'cmTC_fac81/fast' failed
make: *** [cmTC_fac81/fast] Error 2

File /home/yoom/ethereum_parallel_execution/solidity/build/CMakeFiles/CMakeTmp/CheckSymbolExists.cxx:
/* */
#include <pthread.h>

int main(int argc, char** argv)
{
  (void)argv;
#ifndef pthread_create
  return ((int*)(&pthread_create))[argc];
#else
  (void)argc;
  return 0;
#endif
}

Determining if the function pthread_create exists in the pthreads failed with the following output:
Change Dir: /home/yoom/ethereum_parallel_execution/solidity/build/CMakeFiles/CMakeTmp

Run Build Command:"/usr/bin/make" "cmTC_4618a/fast"
/usr/bin/make -f CMakeFiles/cmTC_4618a.dir/build.make CMakeFiles/cmTC_4618a.dir/build
make[1]: Entering directory '/home/yoom/ethereum_parallel_execution/solidity/build/CMakeFiles/CMakeTmp'
Building CXX object CMakeFiles/cmTC_4618a.dir/CheckFunctionExists.cxx.o
/usr/bin/c++    -DCHECK_FUNCTION_EXISTS=pthread_create   -std=c++14 -o CMakeFiles/cmTC_4618a.dir/CheckFunctionExists.cxx.o -c /home/yoom/ethereum_parallel_execution/solidity/build/CMakeFiles/CheckLibraryExists/CheckFunctionExists.cxx
Linking CXX executable cmTC_4618a
/usr/bin/cmake -E cmake_link_script CMakeFiles/cmTC_4618a.dir/link.txt --verbose=1
/usr/bin/c++   -DCHECK_FUNCTION_EXISTS=pthread_create    CMakeFiles/cmTC_4618a.dir/CheckFunctionExists.cxx.o  -o cmTC_4618a -lpthreads 
/usr/bin/ld: cannot find -lpthreads
collect2: error: ld returned 1 exit status
CMakeFiles/cmTC_4618a.dir/build.make:97: recipe for target 'cmTC_4618a' failed
make[1]: *** [cmTC_4618a] Error 1
make[1]: Leaving directory '/home/yoom/ethereum_parallel_execution/solidity/build/CMakeFiles/CMakeTmp'
Makefile:126: recipe for target 'cmTC_4618a/fast' failed
make: *** [cmTC_4618a/fast] Error 2


