The system is: Linux - 4.15.0-54-generic - x86_64
Compiling the CXX compiler identification source file "CMakeCXXCompilerId.cpp" succeeded.
Compiler: /usr/bin/c++ 
Build flags: 
Id flags:  

The output was:
0


Compilation of the CXX compiler identification source "CMakeCXXCompilerId.cpp" produced "a.out"

The CXX compiler identification is GNU, found in "/home/yoom/ethereum_parallel_execution/solidity/build/CMakeFiles/3.10.2/CompilerIdCXX/a.out"

Determining if the CXX compiler works passed with the following output:
Change Dir: /home/yoom/ethereum_parallel_execution/solidity/build/CMakeFiles/CMakeTmp

Run Build Command:"/usr/bin/make" "cmTC_08231/fast"
/usr/bin/make -f CMakeFiles/cmTC_08231.dir/build.make CMakeFiles/cmTC_08231.dir/build
make[1]: Entering directory '/home/yoom/ethereum_parallel_execution/solidity/build/CMakeFiles/CMakeTmp'
Building CXX object CMakeFiles/cmTC_08231.dir/testCXXCompiler.cxx.o
/usr/bin/c++    -std=c++14 -o CMakeFiles/cmTC_08231.dir/testCXXCompiler.cxx.o -c /home/yoom/ethereum_parallel_execution/solidity/build/CMakeFiles/CMakeTmp/testCXXCompiler.cxx
Linking CXX executable cmTC_08231
/usr/bin/cmake -E cmake_link_script CMakeFiles/cmTC_08231.dir/link.txt --verbose=1
/usr/bin/c++       CMakeFiles/cmTC_08231.dir/testCXXCompiler.cxx.o  -o cmTC_08231 
make[1]: Leaving directory '/home/yoom/ethereum_parallel_execution/solidity/build/CMakeFiles/CMakeTmp'


Detecting CXX compiler ABI info compiled with the following output:
Change Dir: /home/yoom/ethereum_parallel_execution/solidity/build/CMakeFiles/CMakeTmp

Run Build Command:"/usr/bin/make" "cmTC_9bda7/fast"
/usr/bin/make -f CMakeFiles/cmTC_9bda7.dir/build.make CMakeFiles/cmTC_9bda7.dir/build
make[1]: Entering directory '/home/yoom/ethereum_parallel_execution/solidity/build/CMakeFiles/CMakeTmp'
Building CXX object CMakeFiles/cmTC_9bda7.dir/CMakeCXXCompilerABI.cpp.o
/usr/bin/c++    -std=c++14 -o CMakeFiles/cmTC_9bda7.dir/CMakeCXXCompilerABI.cpp.o -c /usr/share/cmake-3.10/Modules/CMakeCXXCompilerABI.cpp
Linking CXX executable cmTC_9bda7
/usr/bin/cmake -E cmake_link_script CMakeFiles/cmTC_9bda7.dir/link.txt --verbose=1
/usr/bin/c++      -v CMakeFiles/cmTC_9bda7.dir/CMakeCXXCompilerABI.cpp.o  -o cmTC_9bda7 
Using built-in specs.
COLLECT_GCC=/usr/bin/c++
COLLECT_LTO_WRAPPER=/usr/lib/gcc/x86_64-linux-gnu/7/lto-wrapper
OFFLOAD_TARGET_NAMES=nvptx-none
OFFLOAD_TARGET_DEFAULT=1
Target: x86_64-linux-gnu
Configured with: ../src/configure -v --with-pkgversion='Ubuntu 7.4.0-1ubuntu1~18.04.1' --with-bugurl=file:///usr/share/doc/gcc-7/README.Bugs --enable-languages=c,ada,c++,go,brig,d,fortran,objc,obj-c++ --prefix=/usr --with-gcc-major-version-only --program-suffix=-7 --program-prefix=x86_64-linux-gnu- --enable-shared --enable-linker-build-id --libexecdir=/usr/lib --without-included-gettext --enable-threads=posix --libdir=/usr/lib --enable-nls --with-sysroot=/ --enable-clocale=gnu --enable-libstdcxx-debug --enable-libstdcxx-time=yes --with-default-libstdcxx-abi=new --enable-gnu-unique-object --disable-vtable-verify --enable-libmpx --enable-plugin --enable-default-pie --with-system-zlib --with-target-system-zlib --enable-objc-gc=auto --enable-multiarch --disable-werror --with-arch-32=i686 --with-abi=m64 --with-multilib-list=m32,m64,mx32 --enable-multilib --with-tune=generic --enable-offload-targets=nvptx-none --without-cuda-driver --enable-checking=release --build=x86_64-linux-gnu --host=x86_64-linux-gnu --target=x86_64-linux-gnu
Thread model: posix
gcc version 7.4.0 (Ubuntu 7.4.0-1ubuntu1~18.04.1) 
COMPILER_PATH=/usr/lib/gcc/x86_64-linux-gnu/7/:/usr/lib/gcc/x86_64-linux-gnu/7/:/usr/lib/gcc/x86_64-linux-gnu/:/usr/lib/gcc/x86_64-linux-gnu/7/:/usr/lib/gcc/x86_64-linux-gnu/
LIBRARY_PATH=/usr/lib/gcc/x86_64-linux-gnu/7/:/usr/lib/gcc/x86_64-linux-gnu/7/../../../x86_64-linux-gnu/:/usr/lib/gcc/x86_64-linux-gnu/7/../../../../lib/:/lib/x86_64-linux-gnu/:/lib/../lib/:/usr/lib/x86_64-linux-gnu/:/usr/lib/../lib/:/usr/lib/gcc/x86_64-linux-gnu/7/../../../:/lib/:/usr/lib/
COLLECT_GCC_OPTIONS='-v' '-o' 'cmTC_9bda7' '-shared-libgcc' '-mtune=generic' '-march=x86-64'
 /usr/lib/gcc/x86_64-linux-gnu/7/collect2 -plugin /usr/lib/gcc/x86_64-linux-gnu/7/liblto_plugin.so -plugin-opt=/usr/lib/gcc/x86_64-linux-gnu/7/lto-wrapper -plugin-opt=-fresolution=/tmp/ccqmc9fL.res -plugin-opt=-pass-through=-lgcc_s -plugin-opt=-pass-through=-lgcc -plugin-opt=-pass-through=-lc -plugin-opt=-pass-through=-lgcc_s -plugin-opt=-pass-through=-lgcc --sysroot=/ --build-id --eh-frame-hdr -m elf_x86_64 --hash-style=gnu --as-needed -dynamic-linker /lib64/ld-linux-x86-64.so.2 -pie -z now -z relro -o cmTC_9bda7 /usr/lib/gcc/x86_64-linux-gnu/7/../../../x86_64-linux-gnu/Scrt1.o /usr/lib/gcc/x86_64-linux-gnu/7/../../../x86_64-linux-gnu/crti.o /usr/lib/gcc/x86_64-linux-gnu/7/crtbeginS.o -L/usr/lib/gcc/x86_64-linux-gnu/7 -L/usr/lib/gcc/x86_64-linux-gnu/7/../../../x86_64-linux-gnu -L/usr/lib/gcc/x86_64-linux-gnu/7/../../../../lib -L/lib/x86_64-linux-gnu -L/lib/../lib -L/usr/lib/x86_64-linux-gnu -L/usr/lib/../lib -L/usr/lib/gcc/x86_64-linux-gnu/7/../../.. CMakeFiles/cmTC_9bda7.dir/CMakeCXXCompilerABI.cpp.o -lstdc++ -lm -lgcc_s -lgcc -lc -lgcc_s -lgcc /usr/lib/gcc/x86_64-linux-gnu/7/crtendS.o /usr/lib/gcc/x86_64-linux-gnu/7/../../../x86_64-linux-gnu/crtn.o
COLLECT_GCC_OPTIONS='-v' '-o' 'cmTC_9bda7' '-shared-libgcc' '-mtune=generic' '-march=x86-64'
make[1]: Leaving directory '/home/yoom/ethereum_parallel_execution/solidity/build/CMakeFiles/CMakeTmp'


Parsed CXX implicit link information from above output:
  link line regex: [^( *|.*[/\])(ld|CMAKE_LINK_STARTFILE-NOTFOUND|([^/\]+-)?ld|collect2)[^/\]*( |$)]
  ignore line: [Change Dir: /home/yoom/ethereum_parallel_execution/solidity/build/CMakeFiles/CMakeTmp]
  ignore line: []
  ignore line: [Run Build Command:"/usr/bin/make" "cmTC_9bda7/fast"]
  ignore line: [/usr/bin/make -f CMakeFiles/cmTC_9bda7.dir/build.make CMakeFiles/cmTC_9bda7.dir/build]
  ignore line: [make[1]: Entering directory '/home/yoom/ethereum_parallel_execution/solidity/build/CMakeFiles/CMakeTmp']
  ignore line: [Building CXX object CMakeFiles/cmTC_9bda7.dir/CMakeCXXCompilerABI.cpp.o]
  ignore line: [/usr/bin/c++    -std=c++14 -o CMakeFiles/cmTC_9bda7.dir/CMakeCXXCompilerABI.cpp.o -c /usr/share/cmake-3.10/Modules/CMakeCXXCompilerABI.cpp]
  ignore line: [Linking CXX executable cmTC_9bda7]
  ignore line: [/usr/bin/cmake -E cmake_link_script CMakeFiles/cmTC_9bda7.dir/link.txt --verbose=1]
  ignore line: [/usr/bin/c++      -v CMakeFiles/cmTC_9bda7.dir/CMakeCXXCompilerABI.cpp.o  -o cmTC_9bda7 ]
  ignore line: [Using built-in specs.]
  ignore line: [COLLECT_GCC=/usr/bin/c++]
  ignore line: [COLLECT_LTO_WRAPPER=/usr/lib/gcc/x86_64-linux-gnu/7/lto-wrapper]
  ignore line: [OFFLOAD_TARGET_NAMES=nvptx-none]
  ignore line: [OFFLOAD_TARGET_DEFAULT=1]
  ignore line: [Target: x86_64-linux-gnu]
  ignore line: [Configured with: ../src/configure -v --with-pkgversion='Ubuntu 7.4.0-1ubuntu1~18.04.1' --with-bugurl=file:///usr/share/doc/gcc-7/README.Bugs --enable-languages=c,ada,c++,go,brig,d,fortran,objc,obj-c++ --prefix=/usr --with-gcc-major-version-only --program-suffix=-7 --program-prefix=x86_64-linux-gnu- --enable-shared --enable-linker-build-id --libexecdir=/usr/lib --without-included-gettext --enable-threads=posix --libdir=/usr/lib --enable-nls --with-sysroot=/ --enable-clocale=gnu --enable-libstdcxx-debug --enable-libstdcxx-time=yes --with-default-libstdcxx-abi=new --enable-gnu-unique-object --disable-vtable-verify --enable-libmpx --enable-plugin --enable-default-pie --with-system-zlib --with-target-system-zlib --enable-objc-gc=auto --enable-multiarch --disable-werror --with-arch-32=i686 --with-abi=m64 --with-multilib-list=m32,m64,mx32 --enable-multilib --with-tune=generic --enable-offload-targets=nvptx-none --without-cuda-driver --enable-checking=release --build=x86_64-linux-gnu --host=x86_64-linux-gnu --target=x86_64-linux-gnu]
  ignore line: [Thread model: posix]
  ignore line: [gcc version 7.4.0 (Ubuntu 7.4.0-1ubuntu1~18.04.1) ]
  ignore line: [COMPILER_PATH=/usr/lib/gcc/x86_64-linux-gnu/7/:/usr/lib/gcc/x86_64-linux-gnu/7/:/usr/lib/gcc/x86_64-linux-gnu/:/usr/lib/gcc/x86_64-linux-gnu/7/:/usr/lib/gcc/x86_64-linux-gnu/]
  ignore line: [LIBRARY_PATH=/usr/lib/gcc/x86_64-linux-gnu/7/:/usr/lib/gcc/x86_64-linux-gnu/7/../../../x86_64-linux-gnu/:/usr/lib/gcc/x86_64-linux-gnu/7/../../../../lib/:/lib/x86_64-linux-gnu/:/lib/../lib/:/usr/lib/x86_64-linux-gnu/:/usr/lib/../lib/:/usr/lib/gcc/x86_64-linux-gnu/7/../../../:/lib/:/usr/lib/]
  ignore line: [COLLECT_GCC_OPTIONS='-v' '-o' 'cmTC_9bda7' '-shared-libgcc' '-mtune=generic' '-march=x86-64']
  link line: [ /usr/lib/gcc/x86_64-linux-gnu/7/collect2 -plugin /usr/lib/gcc/x86_64-linux-gnu/7/liblto_plugin.so -plugin-opt=/usr/lib/gcc/x86_64-linux-gnu/7/lto-wrapper -plugin-opt=-fresolution=/tmp/ccqmc9fL.res -plugin-opt=-pass-through=-lgcc_s -plugin-opt=-pass-through=-lgcc -plugin-opt=-pass-through=-lc -plugin-opt=-pass-through=-lgcc_s -plugin-opt=-pass-through=-lgcc --sysroot=/ --build-id --eh-frame-hdr -m elf_x86_64 --hash-style=gnu --as-needed -dynamic-linker /lib64/ld-linux-x86-64.so.2 -pie -z now -z relro -o cmTC_9bda7 /usr/lib/gcc/x86_64-linux-gnu/7/../../../x86_64-linux-gnu/Scrt1.o /usr/lib/gcc/x86_64-linux-gnu/7/../../../x86_64-linux-gnu/crti.o /usr/lib/gcc/x86_64-linux-gnu/7/crtbeginS.o -L/usr/lib/gcc/x86_64-linux-gnu/7 -L/usr/lib/gcc/x86_64-linux-gnu/7/../../../x86_64-linux-gnu -L/usr/lib/gcc/x86_64-linux-gnu/7/../../../../lib -L/lib/x86_64-linux-gnu -L/lib/../lib -L/usr/lib/x86_64-linux-gnu -L/usr/lib/../lib -L/usr/lib/gcc/x86_64-linux-gnu/7/../../.. CMakeFiles/cmTC_9bda7.dir/CMakeCXXCompilerABI.cpp.o -lstdc++ -lm -lgcc_s -lgcc -lc -lgcc_s -lgcc /usr/lib/gcc/x86_64-linux-gnu/7/crtendS.o /usr/lib/gcc/x86_64-linux-gnu/7/../../../x86_64-linux-gnu/crtn.o]
    arg [/usr/lib/gcc/x86_64-linux-gnu/7/collect2] ==> ignore
    arg [-plugin] ==> ignore
    arg [/usr/lib/gcc/x86_64-linux-gnu/7/liblto_plugin.so] ==> ignore
    arg [-plugin-opt=/usr/lib/gcc/x86_64-linux-gnu/7/lto-wrapper] ==> ignore
    arg [-plugin-opt=-fresolution=/tmp/ccqmc9fL.res] ==> ignore
    arg [-plugin-opt=-pass-through=-lgcc_s] ==> ignore
    arg [-plugin-opt=-pass-through=-lgcc] ==> ignore
    arg [-plugin-opt=-pass-through=-lc] ==> ignore
    arg [-plugin-opt=-pass-through=-lgcc_s] ==> ignore
    arg [-plugin-opt=-pass-through=-lgcc] ==> ignore
    arg [--sysroot=/] ==> ignore
    arg [--build-id] ==> ignore
    arg [--eh-frame-hdr] ==> ignore
    arg [-m] ==> ignore
    arg [elf_x86_64] ==> ignore
    arg [--hash-style=gnu] ==> ignore
    arg [--as-needed] ==> ignore
    arg [-dynamic-linker] ==> ignore
    arg [/lib64/ld-linux-x86-64.so.2] ==> ignore
    arg [-pie] ==> ignore
    arg [-znow] ==> ignore
    arg [-zrelro] ==> ignore
    arg [-o] ==> ignore
    arg [cmTC_9bda7] ==> ignore
    arg [/usr/lib/gcc/x86_64-linux-gnu/7/../../../x86_64-linux-gnu/Scrt1.o] ==> ignore
    arg [/usr/lib/gcc/x86_64-linux-gnu/7/../../../x86_64-linux-gnu/crti.o] ==> ignore
    arg [/usr/lib/gcc/x86_64-linux-gnu/7/crtbeginS.o] ==> ignore
    arg [-L/usr/lib/gcc/x86_64-linux-gnu/7] ==> dir [/usr/lib/gcc/x86_64-linux-gnu/7]
    arg [-L/usr/lib/gcc/x86_64-linux-gnu/7/../../../x86_64-linux-gnu] ==> dir [/usr/lib/gcc/x86_64-linux-gnu/7/../../../x86_64-linux-gnu]
    arg [-L/usr/lib/gcc/x86_64-linux-gnu/7/../../../../lib] ==> dir [/usr/lib/gcc/x86_64-linux-gnu/7/../../../../lib]
    arg [-L/lib/x86_64-linux-gnu] ==> dir [/lib/x86_64-linux-gnu]
    arg [-L/lib/../lib] ==> dir [/lib/../lib]
    arg [-L/usr/lib/x86_64-linux-gnu] ==> dir [/usr/lib/x86_64-linux-gnu]
    arg [-L/usr/lib/../lib] ==> dir [/usr/lib/../lib]
    arg [-L/usr/lib/gcc/x86_64-linux-gnu/7/../../..] ==> dir [/usr/lib/gcc/x86_64-linux-gnu/7/../../..]
    arg [CMakeFiles/cmTC_9bda7.dir/CMakeCXXCompilerABI.cpp.o] ==> ignore
    arg [-lstdc++] ==> lib [stdc++]
    arg [-lm] ==> lib [m]
    arg [-lgcc_s] ==> lib [gcc_s]
    arg [-lgcc] ==> lib [gcc]
    arg [-lc] ==> lib [c]
    arg [-lgcc_s] ==> lib [gcc_s]
    arg [-lgcc] ==> lib [gcc]
    arg [/usr/lib/gcc/x86_64-linux-gnu/7/crtendS.o] ==> ignore
    arg [/usr/lib/gcc/x86_64-linux-gnu/7/../../../x86_64-linux-gnu/crtn.o] ==> ignore
  collapse library dir [/usr/lib/gcc/x86_64-linux-gnu/7] ==> [/usr/lib/gcc/x86_64-linux-gnu/7]
  collapse library dir [/usr/lib/gcc/x86_64-linux-gnu/7/../../../x86_64-linux-gnu] ==> [/usr/lib/x86_64-linux-gnu]
  collapse library dir [/usr/lib/gcc/x86_64-linux-gnu/7/../../../../lib] ==> [/usr/lib]
  collapse library dir [/lib/x86_64-linux-gnu] ==> [/lib/x86_64-linux-gnu]
  collapse library dir [/lib/../lib] ==> [/lib]
  collapse library dir [/usr/lib/x86_64-linux-gnu] ==> [/usr/lib/x86_64-linux-gnu]
  collapse library dir [/usr/lib/../lib] ==> [/usr/lib]
  collapse library dir [/usr/lib/gcc/x86_64-linux-gnu/7/../../..] ==> [/usr/lib]
  implicit libs: [stdc++;m;gcc_s;gcc;c;gcc_s;gcc]
  implicit dirs: [/usr/lib/gcc/x86_64-linux-gnu/7;/usr/lib/x86_64-linux-gnu;/usr/lib;/lib/x86_64-linux-gnu;/lib]
  implicit fwks: []




Detecting CXX [-std=c++1z] compiler features compiled with the following output:
Change Dir: /home/yoom/ethereum_parallel_execution/solidity/build/CMakeFiles/CMakeTmp

Run Build Command:"/usr/bin/make" "cmTC_2364f/fast"
/usr/bin/make -f CMakeFiles/cmTC_2364f.dir/build.make CMakeFiles/cmTC_2364f.dir/build
make[1]: Entering directory '/home/yoom/ethereum_parallel_execution/solidity/build/CMakeFiles/CMakeTmp'
Building CXX object CMakeFiles/cmTC_2364f.dir/feature_tests.cxx.o
/usr/bin/c++    -std=c++1z -std=c++14 -o CMakeFiles/cmTC_2364f.dir/feature_tests.cxx.o -c /home/yoom/ethereum_parallel_execution/solidity/build/CMakeFiles/feature_tests.cxx
Linking CXX executable cmTC_2364f
/usr/bin/cmake -E cmake_link_script CMakeFiles/cmTC_2364f.dir/link.txt --verbose=1
/usr/bin/c++       CMakeFiles/cmTC_2364f.dir/feature_tests.cxx.o  -o cmTC_2364f 
make[1]: Leaving directory '/home/yoom/ethereum_parallel_execution/solidity/build/CMakeFiles/CMakeTmp'


    Feature record: CXX_FEATURE:1cxx_aggregate_default_initializers
    Feature record: CXX_FEATURE:1cxx_alias_templates
    Feature record: CXX_FEATURE:1cxx_alignas
    Feature record: CXX_FEATURE:1cxx_alignof
    Feature record: CXX_FEATURE:1cxx_attributes
    Feature record: CXX_FEATURE:1cxx_attribute_deprecated
    Feature record: CXX_FEATURE:1cxx_auto_type
    Feature record: CXX_FEATURE:1cxx_binary_literals
    Feature record: CXX_FEATURE:1cxx_constexpr
    Feature record: CXX_FEATURE:1cxx_contextual_conversions
    Feature record: CXX_FEATURE:1cxx_decltype
    Feature record: CXX_FEATURE:1cxx_decltype_auto
    Feature record: CXX_FEATURE:1cxx_decltype_incomplete_return_types
    Feature record: CXX_FEATURE:1cxx_default_function_template_args
    Feature record: CXX_FEATURE:1cxx_defaulted_functions
    Feature record: CXX_FEATURE:1cxx_defaulted_move_initializers
    Feature record: CXX_FEATURE:1cxx_delegating_constructors
    Feature record: CXX_FEATURE:1cxx_deleted_functions
    Feature record: CXX_FEATURE:1cxx_digit_separators
    Feature record: CXX_FEATURE:1cxx_enum_forward_declarations
    Feature record: CXX_FEATURE:1cxx_explicit_conversions
    Feature record: CXX_FEATURE:1cxx_extended_friend_declarations
    Feature record: CXX_FEATURE:1cxx_extern_templates
    Feature record: CXX_FEATURE:1cxx_final
    Feature record: CXX_FEATURE:1cxx_func_identifier
    Feature record: CXX_FEATURE:1cxx_generalized_initializers
    Feature record: CXX_FEATURE:1cxx_generic_lambdas
    Feature record: CXX_FEATURE:1cxx_inheriting_constructors
    Feature record: CXX_FEATURE:1cxx_inline_namespaces
    Feature record: CXX_FEATURE:1cxx_lambdas
    Feature record: CXX_FEATURE:1cxx_lambda_init_captures
    Feature record: CXX_FEATURE:1cxx_local_type_template_args
    Feature record: CXX_FEATURE:1cxx_long_long_type
    Feature record: CXX_FEATURE:1cxx_noexcept
    Feature record: CXX_FEATURE:1cxx_nonstatic_member_init
    Feature record: CXX_FEATURE:1cxx_nullptr
    Feature record: CXX_FEATURE:1cxx_override
    Feature record: CXX_FEATURE:1cxx_range_for
    Feature record: CXX_FEATURE:1cxx_raw_string_literals
    Feature record: CXX_FEATURE:1cxx_reference_qualified_functions
    Feature record: CXX_FEATURE:1cxx_relaxed_constexpr
    Feature record: CXX_FEATURE:1cxx_return_type_deduction
    Feature record: CXX_FEATURE:1cxx_right_angle_brackets
    Feature record: CXX_FEATURE:1cxx_rvalue_references
    Feature record: CXX_FEATURE:1cxx_sizeof_member
    Feature record: CXX_FEATURE:1cxx_static_assert
    Feature record: CXX_FEATURE:1cxx_strong_enums
    Feature record: CXX_FEATURE:1cxx_template_template_parameters
    Feature record: CXX_FEATURE:1cxx_thread_local
    Feature record: CXX_FEATURE:1cxx_trailing_return_types
    Feature record: CXX_FEATURE:1cxx_unicode_literals
    Feature record: CXX_FEATURE:1cxx_uniform_initialization
    Feature record: CXX_FEATURE:1cxx_unrestricted_unions
    Feature record: CXX_FEATURE:1cxx_user_literals
    Feature record: CXX_FEATURE:1cxx_variable_templates
    Feature record: CXX_FEATURE:1cxx_variadic_macros
    Feature record: CXX_FEATURE:1cxx_variadic_templates


Detecting CXX [-std=c++14] compiler features compiled with the following output:
Change Dir: /home/yoom/ethereum_parallel_execution/solidity/build/CMakeFiles/CMakeTmp

Run Build Command:"/usr/bin/make" "cmTC_bf153/fast"
/usr/bin/make -f CMakeFiles/cmTC_bf153.dir/build.make CMakeFiles/cmTC_bf153.dir/build
make[1]: Entering directory '/home/yoom/ethereum_parallel_execution/solidity/build/CMakeFiles/CMakeTmp'
Building CXX object CMakeFiles/cmTC_bf153.dir/feature_tests.cxx.o
/usr/bin/c++    -std=c++14 -std=c++14 -o CMakeFiles/cmTC_bf153.dir/feature_tests.cxx.o -c /home/yoom/ethereum_parallel_execution/solidity/build/CMakeFiles/feature_tests.cxx
Linking CXX executable cmTC_bf153
/usr/bin/cmake -E cmake_link_script CMakeFiles/cmTC_bf153.dir/link.txt --verbose=1
/usr/bin/c++       CMakeFiles/cmTC_bf153.dir/feature_tests.cxx.o  -o cmTC_bf153 
make[1]: Leaving directory '/home/yoom/ethereum_parallel_execution/solidity/build/CMakeFiles/CMakeTmp'


    Feature record: CXX_FEATURE:1cxx_aggregate_default_initializers
    Feature record: CXX_FEATURE:1cxx_alias_templates
    Feature record: CXX_FEATURE:1cxx_alignas
    Feature record: CXX_FEATURE:1cxx_alignof
    Feature record: CXX_FEATURE:1cxx_attributes
    Feature record: CXX_FEATURE:1cxx_attribute_deprecated
    Feature record: CXX_FEATURE:1cxx_auto_type
    Feature record: CXX_FEATURE:1cxx_binary_literals
    Feature record: CXX_FEATURE:1cxx_constexpr
    Feature record: CXX_FEATURE:1cxx_contextual_conversions
    Feature record: CXX_FEATURE:1cxx_decltype
    Feature record: CXX_FEATURE:1cxx_decltype_auto
    Feature record: CXX_FEATURE:1cxx_decltype_incomplete_return_types
    Feature record: CXX_FEATURE:1cxx_default_function_template_args
    Feature record: CXX_FEATURE:1cxx_defaulted_functions
    Feature record: CXX_FEATURE:1cxx_defaulted_move_initializers
    Feature record: CXX_FEATURE:1cxx_delegating_constructors
    Feature record: CXX_FEATURE:1cxx_deleted_functions
    Feature record: CXX_FEATURE:1cxx_digit_separators
    Feature record: CXX_FEATURE:1cxx_enum_forward_declarations
    Feature record: CXX_FEATURE:1cxx_explicit_conversions
    Feature record: CXX_FEATURE:1cxx_extended_friend_declarations
    Feature record: CXX_FEATURE:1cxx_extern_templates
    Feature record: CXX_FEATURE:1cxx_final
    Feature record: CXX_FEATURE:1cxx_func_identifier
    Feature record: CXX_FEATURE:1cxx_generalized_initializers
    Feature record: CXX_FEATURE:1cxx_generic_lambdas
    Feature record: CXX_FEATURE:1cxx_inheriting_constructors
    Feature record: CXX_FEATURE:1cxx_inline_namespaces
    Feature record: CXX_FEATURE:1cxx_lambdas
    Feature record: CXX_FEATURE:1cxx_lambda_init_captures
    Feature record: CXX_FEATURE:1cxx_local_type_template_args
    Feature record: CXX_FEATURE:1cxx_long_long_type
    Feature record: CXX_FEATURE:1cxx_noexcept
    Feature record: CXX_FEATURE:1cxx_nonstatic_member_init
    Feature record: CXX_FEATURE:1cxx_nullptr
    Feature record: CXX_FEATURE:1cxx_override
    Feature record: CXX_FEATURE:1cxx_range_for
    Feature record: CXX_FEATURE:1cxx_raw_string_literals
    Feature record: CXX_FEATURE:1cxx_reference_qualified_functions
    Feature record: CXX_FEATURE:1cxx_relaxed_constexpr
    Feature record: CXX_FEATURE:1cxx_return_type_deduction
    Feature record: CXX_FEATURE:1cxx_right_angle_brackets
    Feature record: CXX_FEATURE:1cxx_rvalue_references
    Feature record: CXX_FEATURE:1cxx_sizeof_member
    Feature record: CXX_FEATURE:1cxx_static_assert
    Feature record: CXX_FEATURE:1cxx_strong_enums
    Feature record: CXX_FEATURE:1cxx_template_template_parameters
    Feature record: CXX_FEATURE:1cxx_thread_local
    Feature record: CXX_FEATURE:1cxx_trailing_return_types
    Feature record: CXX_FEATURE:1cxx_unicode_literals
    Feature record: CXX_FEATURE:1cxx_uniform_initialization
    Feature record: CXX_FEATURE:1cxx_unrestricted_unions
    Feature record: CXX_FEATURE:1cxx_user_literals
    Feature record: CXX_FEATURE:1cxx_variable_templates
    Feature record: CXX_FEATURE:1cxx_variadic_macros
    Feature record: CXX_FEATURE:1cxx_variadic_templates


Detecting CXX [-std=c++11] compiler features compiled with the following output:
Change Dir: /home/yoom/ethereum_parallel_execution/solidity/build/CMakeFiles/CMakeTmp

Run Build Command:"/usr/bin/make" "cmTC_cbe24/fast"
/usr/bin/make -f CMakeFiles/cmTC_cbe24.dir/build.make CMakeFiles/cmTC_cbe24.dir/build
make[1]: Entering directory '/home/yoom/ethereum_parallel_execution/solidity/build/CMakeFiles/CMakeTmp'
Building CXX object CMakeFiles/cmTC_cbe24.dir/feature_tests.cxx.o
/usr/bin/c++    -std=c++11 -std=c++14 -o CMakeFiles/cmTC_cbe24.dir/feature_tests.cxx.o -c /home/yoom/ethereum_parallel_execution/solidity/build/CMakeFiles/feature_tests.cxx
Linking CXX executable cmTC_cbe24
/usr/bin/cmake -E cmake_link_script CMakeFiles/cmTC_cbe24.dir/link.txt --verbose=1
/usr/bin/c++       CMakeFiles/cmTC_cbe24.dir/feature_tests.cxx.o  -o cmTC_cbe24 
make[1]: Leaving directory '/home/yoom/ethereum_parallel_execution/solidity/build/CMakeFiles/CMakeTmp'


    Feature record: CXX_FEATURE:1cxx_aggregate_default_initializers
    Feature record: CXX_FEATURE:1cxx_alias_templates
    Feature record: CXX_FEATURE:1cxx_alignas
    Feature record: CXX_FEATURE:1cxx_alignof
    Feature record: CXX_FEATURE:1cxx_attributes
    Feature record: CXX_FEATURE:1cxx_attribute_deprecated
    Feature record: CXX_FEATURE:1cxx_auto_type
    Feature record: CXX_FEATURE:1cxx_binary_literals
    Feature record: CXX_FEATURE:1cxx_constexpr
    Feature record: CXX_FEATURE:1cxx_contextual_conversions
    Feature record: CXX_FEATURE:1cxx_decltype
    Feature record: CXX_FEATURE:1cxx_decltype_auto
    Feature record: CXX_FEATURE:1cxx_decltype_incomplete_return_types
    Feature record: CXX_FEATURE:1cxx_default_function_template_args
    Feature record: CXX_FEATURE:1cxx_defaulted_functions
    Feature record: CXX_FEATURE:1cxx_defaulted_move_initializers
    Feature record: CXX_FEATURE:1cxx_delegating_constructors
    Feature record: CXX_FEATURE:1cxx_deleted_functions
    Feature record: CXX_FEATURE:1cxx_digit_separators
    Feature record: CXX_FEATURE:1cxx_enum_forward_declarations
    Feature record: CXX_FEATURE:1cxx_explicit_conversions
    Feature record: CXX_FEATURE:1cxx_extended_friend_declarations
    Feature record: CXX_FEATURE:1cxx_extern_templates
    Feature record: CXX_FEATURE:1cxx_final
    Feature record: CXX_FEATURE:1cxx_func_identifier
    Feature record: CXX_FEATURE:1cxx_generalized_initializers
    Feature record: CXX_FEATURE:1cxx_generic_lambdas
    Feature record: CXX_FEATURE:1cxx_inheriting_constructors
    Feature record: CXX_FEATURE:1cxx_inline_namespaces
    Feature record: CXX_FEATURE:1cxx_lambdas
    Feature record: CXX_FEATURE:1cxx_lambda_init_captures
    Feature record: CXX_FEATURE:1cxx_local_type_template_args
    Feature record: CXX_FEATURE:1cxx_long_long_type
    Feature record: CXX_FEATURE:1cxx_noexcept
    Feature record: CXX_FEATURE:1cxx_nonstatic_member_init
    Feature record: CXX_FEATURE:1cxx_nullptr
    Feature record: CXX_FEATURE:1cxx_override
    Feature record: CXX_FEATURE:1cxx_range_for
    Feature record: CXX_FEATURE:1cxx_raw_string_literals
    Feature record: CXX_FEATURE:1cxx_reference_qualified_functions
    Feature record: CXX_FEATURE:1cxx_relaxed_constexpr
    Feature record: CXX_FEATURE:1cxx_return_type_deduction
    Feature record: CXX_FEATURE:1cxx_right_angle_brackets
    Feature record: CXX_FEATURE:1cxx_rvalue_references
    Feature record: CXX_FEATURE:1cxx_sizeof_member
    Feature record: CXX_FEATURE:1cxx_static_assert
    Feature record: CXX_FEATURE:1cxx_strong_enums
    Feature record: CXX_FEATURE:1cxx_template_template_parameters
    Feature record: CXX_FEATURE:1cxx_thread_local
    Feature record: CXX_FEATURE:1cxx_trailing_return_types
    Feature record: CXX_FEATURE:1cxx_unicode_literals
    Feature record: CXX_FEATURE:1cxx_uniform_initialization
    Feature record: CXX_FEATURE:1cxx_unrestricted_unions
    Feature record: CXX_FEATURE:1cxx_user_literals
    Feature record: CXX_FEATURE:1cxx_variable_templates
    Feature record: CXX_FEATURE:1cxx_variadic_macros
    Feature record: CXX_FEATURE:1cxx_variadic_templates


Detecting CXX [-std=c++98] compiler features compiled with the following output:
Change Dir: /home/yoom/ethereum_parallel_execution/solidity/build/CMakeFiles/CMakeTmp

Run Build Command:"/usr/bin/make" "cmTC_035d5/fast"
/usr/bin/make -f CMakeFiles/cmTC_035d5.dir/build.make CMakeFiles/cmTC_035d5.dir/build
make[1]: Entering directory '/home/yoom/ethereum_parallel_execution/solidity/build/CMakeFiles/CMakeTmp'
Building CXX object CMakeFiles/cmTC_035d5.dir/feature_tests.cxx.o
/usr/bin/c++    -std=c++98 -std=c++14 -o CMakeFiles/cmTC_035d5.dir/feature_tests.cxx.o -c /home/yoom/ethereum_parallel_execution/solidity/build/CMakeFiles/feature_tests.cxx
Linking CXX executable cmTC_035d5
/usr/bin/cmake -E cmake_link_script CMakeFiles/cmTC_035d5.dir/link.txt --verbose=1
/usr/bin/c++       CMakeFiles/cmTC_035d5.dir/feature_tests.cxx.o  -o cmTC_035d5 
make[1]: Leaving directory '/home/yoom/ethereum_parallel_execution/solidity/build/CMakeFiles/CMakeTmp'


    Feature record: CXX_FEATURE:1cxx_aggregate_default_initializers
    Feature record: CXX_FEATURE:1cxx_alias_templates
    Feature record: CXX_FEATURE:1cxx_alignas
    Feature record: CXX_FEATURE:1cxx_alignof
    Feature record: CXX_FEATURE:1cxx_attributes
    Feature record: CXX_FEATURE:1cxx_attribute_deprecated
    Feature record: CXX_FEATURE:1cxx_auto_type
    Feature record: CXX_FEATURE:1cxx_binary_literals
    Feature record: CXX_FEATURE:1cxx_constexpr
    Feature record: CXX_FEATURE:1cxx_contextual_conversions
    Feature record: CXX_FEATURE:1cxx_decltype
    Feature record: CXX_FEATURE:1cxx_decltype_auto
    Feature record: CXX_FEATURE:1cxx_decltype_incomplete_return_types
    Feature record: CXX_FEATURE:1cxx_default_function_template_args
    Feature record: CXX_FEATURE:1cxx_defaulted_functions
    Feature record: CXX_FEATURE:1cxx_defaulted_move_initializers
    Feature record: CXX_FEATURE:1cxx_delegating_constructors
    Feature record: CXX_FEATURE:1cxx_deleted_functions
    Feature record: CXX_FEATURE:1cxx_digit_separators
    Feature record: CXX_FEATURE:1cxx_enum_forward_declarations
    Feature record: CXX_FEATURE:1cxx_explicit_conversions
    Feature record: CXX_FEATURE:1cxx_extended_friend_declarations
    Feature record: CXX_FEATURE:1cxx_extern_templates
    Feature record: CXX_FEATURE:1cxx_final
    Feature record: CXX_FEATURE:1cxx_func_identifier
    Feature record: CXX_FEATURE:1cxx_generalized_initializers
    Feature record: CXX_FEATURE:1cxx_generic_lambdas
    Feature record: CXX_FEATURE:1cxx_inheriting_constructors
    Feature record: CXX_FEATURE:1cxx_inline_namespaces
    Feature record: CXX_FEATURE:1cxx_lambdas
    Feature record: CXX_FEATURE:1cxx_lambda_init_captures
    Feature record: CXX_FEATURE:1cxx_local_type_template_args
    Feature record: CXX_FEATURE:1cxx_long_long_type
    Feature record: CXX_FEATURE:1cxx_noexcept
    Feature record: CXX_FEATURE:1cxx_nonstatic_member_init
    Feature record: CXX_FEATURE:1cxx_nullptr
    Feature record: CXX_FEATURE:1cxx_override
    Feature record: CXX_FEATURE:1cxx_range_for
    Feature record: CXX_FEATURE:1cxx_raw_string_literals
    Feature record: CXX_FEATURE:1cxx_reference_qualified_functions
    Feature record: CXX_FEATURE:1cxx_relaxed_constexpr
    Feature record: CXX_FEATURE:1cxx_return_type_deduction
    Feature record: CXX_FEATURE:1cxx_right_angle_brackets
    Feature record: CXX_FEATURE:1cxx_rvalue_references
    Feature record: CXX_FEATURE:1cxx_sizeof_member
    Feature record: CXX_FEATURE:1cxx_static_assert
    Feature record: CXX_FEATURE:1cxx_strong_enums
    Feature record: CXX_FEATURE:1cxx_template_template_parameters
    Feature record: CXX_FEATURE:1cxx_thread_local
    Feature record: CXX_FEATURE:1cxx_trailing_return_types
    Feature record: CXX_FEATURE:1cxx_unicode_literals
    Feature record: CXX_FEATURE:1cxx_uniform_initialization
    Feature record: CXX_FEATURE:1cxx_unrestricted_unions
    Feature record: CXX_FEATURE:1cxx_user_literals
    Feature record: CXX_FEATURE:1cxx_variable_templates
    Feature record: CXX_FEATURE:1cxx_variadic_macros
    Feature record: CXX_FEATURE:1cxx_variadic_templates
Determining if the include file sys/types.h exists passed with the following output:
Change Dir: /home/yoom/ethereum_parallel_execution/solidity/build/CMakeFiles/CMakeTmp

Run Build Command:"/usr/bin/make" "cmTC_b0305/fast"
/usr/bin/make -f CMakeFiles/cmTC_b0305.dir/build.make CMakeFiles/cmTC_b0305.dir/build
make[1]: Entering directory '/home/yoom/ethereum_parallel_execution/solidity/build/CMakeFiles/CMakeTmp'
Building CXX object CMakeFiles/cmTC_b0305.dir/CheckIncludeFile.cxx.o
/usr/bin/c++    -std=c++14 -o CMakeFiles/cmTC_b0305.dir/CheckIncludeFile.cxx.o -c /home/yoom/ethereum_parallel_execution/solidity/build/CMakeFiles/CMakeTmp/CheckIncludeFile.cxx
Linking CXX executable cmTC_b0305
/usr/bin/cmake -E cmake_link_script CMakeFiles/cmTC_b0305.dir/link.txt --verbose=1
/usr/bin/c++       CMakeFiles/cmTC_b0305.dir/CheckIncludeFile.cxx.o  -o cmTC_b0305 
make[1]: Leaving directory '/home/yoom/ethereum_parallel_execution/solidity/build/CMakeFiles/CMakeTmp'


Determining if the include file stdint.h exists passed with the following output:
Change Dir: /home/yoom/ethereum_parallel_execution/solidity/build/CMakeFiles/CMakeTmp

Run Build Command:"/usr/bin/make" "cmTC_19651/fast"
/usr/bin/make -f CMakeFiles/cmTC_19651.dir/build.make CMakeFiles/cmTC_19651.dir/build
make[1]: Entering directory '/home/yoom/ethereum_parallel_execution/solidity/build/CMakeFiles/CMakeTmp'
Building CXX object CMakeFiles/cmTC_19651.dir/CheckIncludeFile.cxx.o
/usr/bin/c++    -std=c++14 -o CMakeFiles/cmTC_19651.dir/CheckIncludeFile.cxx.o -c /home/yoom/ethereum_parallel_execution/solidity/build/CMakeFiles/CMakeTmp/CheckIncludeFile.cxx
Linking CXX executable cmTC_19651
/usr/bin/cmake -E cmake_link_script CMakeFiles/cmTC_19651.dir/link.txt --verbose=1
/usr/bin/c++       CMakeFiles/cmTC_19651.dir/CheckIncludeFile.cxx.o  -o cmTC_19651 
make[1]: Leaving directory '/home/yoom/ethereum_parallel_execution/solidity/build/CMakeFiles/CMakeTmp'


Determining if the include file stddef.h exists passed with the following output:
Change Dir: /home/yoom/ethereum_parallel_execution/solidity/build/CMakeFiles/CMakeTmp

Run Build Command:"/usr/bin/make" "cmTC_42bb7/fast"
/usr/bin/make -f CMakeFiles/cmTC_42bb7.dir/build.make CMakeFiles/cmTC_42bb7.dir/build
make[1]: Entering directory '/home/yoom/ethereum_parallel_execution/solidity/build/CMakeFiles/CMakeTmp'
Building CXX object CMakeFiles/cmTC_42bb7.dir/CheckIncludeFile.cxx.o
/usr/bin/c++    -std=c++14 -o CMakeFiles/cmTC_42bb7.dir/CheckIncludeFile.cxx.o -c /home/yoom/ethereum_parallel_execution/solidity/build/CMakeFiles/CMakeTmp/CheckIncludeFile.cxx
Linking CXX executable cmTC_42bb7
/usr/bin/cmake -E cmake_link_script CMakeFiles/cmTC_42bb7.dir/link.txt --verbose=1
/usr/bin/c++       CMakeFiles/cmTC_42bb7.dir/CheckIncludeFile.cxx.o  -o cmTC_42bb7 
make[1]: Leaving directory '/home/yoom/ethereum_parallel_execution/solidity/build/CMakeFiles/CMakeTmp'


Determining size of unsigned short passed with the following output:
Change Dir: /home/yoom/ethereum_parallel_execution/solidity/build/CMakeFiles/CMakeTmp

Run Build Command:"/usr/bin/make" "cmTC_ee91a/fast"
/usr/bin/make -f CMakeFiles/cmTC_ee91a.dir/build.make CMakeFiles/cmTC_ee91a.dir/build
make[1]: Entering directory '/home/yoom/ethereum_parallel_execution/solidity/build/CMakeFiles/CMakeTmp'
Building CXX object CMakeFiles/cmTC_ee91a.dir/CMAKE_SIZEOF_UNSIGNED_SHORT.cpp.o
/usr/bin/c++    -std=c++14 -o CMakeFiles/cmTC_ee91a.dir/CMAKE_SIZEOF_UNSIGNED_SHORT.cpp.o -c /home/yoom/ethereum_parallel_execution/solidity/build/CMakeFiles/CheckTypeSize/CMAKE_SIZEOF_UNSIGNED_SHORT.cpp
Linking CXX executable cmTC_ee91a
/usr/bin/cmake -E cmake_link_script CMakeFiles/cmTC_ee91a.dir/link.txt --verbose=1
/usr/bin/c++       CMakeFiles/cmTC_ee91a.dir/CMAKE_SIZEOF_UNSIGNED_SHORT.cpp.o  -o cmTC_ee91a 
make[1]: Leaving directory '/home/yoom/ethereum_parallel_execution/solidity/build/CMakeFiles/CMakeTmp'


Determining if the system is big endian passed with the following output:
Change Dir: /home/yoom/ethereum_parallel_execution/solidity/build/CMakeFiles/CMakeTmp

Run Build Command:"/usr/bin/make" "cmTC_ae04e/fast"
/usr/bin/make -f CMakeFiles/cmTC_ae04e.dir/build.make CMakeFiles/cmTC_ae04e.dir/build
make[1]: Entering directory '/home/yoom/ethereum_parallel_execution/solidity/build/CMakeFiles/CMakeTmp'
Building CXX object CMakeFiles/cmTC_ae04e.dir/TestEndianess.cpp.o
/usr/bin/c++    -std=c++14 -o CMakeFiles/cmTC_ae04e.dir/TestEndianess.cpp.o -c /home/yoom/ethereum_parallel_execution/solidity/build/CMakeFiles/CMakeTmp/TestEndianess.cpp
Linking CXX executable cmTC_ae04e
/usr/bin/cmake -E cmake_link_script CMakeFiles/cmTC_ae04e.dir/link.txt --verbose=1
/usr/bin/c++       CMakeFiles/cmTC_ae04e.dir/TestEndianess.cpp.o  -o cmTC_ae04e 
make[1]: Leaving directory '/home/yoom/ethereum_parallel_execution/solidity/build/CMakeFiles/CMakeTmp'

TestEndianess.c:
/* A 16 bit integer is required. */
typedef unsigned short cmakeint16;

/* On a little endian machine, these 16bit ints will give "THIS IS LITTLE ENDIAN."
   On a big endian machine the characters will be exchanged pairwise. */
const cmakeint16 info_little[] =  {0x4854, 0x5349, 0x4920, 0x2053, 0x494c, 0x5454, 0x454c, 0x4520, 0x444e, 0x4149, 0x2e4e, 0x0000};

/* on a big endian machine, these 16bit ints will give "THIS IS BIG ENDIAN."
   On a little endian machine the characters will be exchanged pairwise. */
const cmakeint16 info_big[] =     {0x5448, 0x4953, 0x2049, 0x5320, 0x4249, 0x4720, 0x454e, 0x4449, 0x414e, 0x2e2e, 0x0000};

#ifdef __CLASSIC_C__
int main(argc, argv) int argc; char *argv[];
#else
int main(int argc, char *argv[])
#endif
{
  int require = 0;
  require += info_little[argc];
  require += info_big[argc];
  (void)argv;
  return require;
}


Determining if the include file pthread.h exists passed with the following output:
Change Dir: /home/yoom/ethereum_parallel_execution/solidity/build/CMakeFiles/CMakeTmp

Run Build Command:"/usr/bin/make" "cmTC_ae0ce/fast"
/usr/bin/make -f CMakeFiles/cmTC_ae0ce.dir/build.make CMakeFiles/cmTC_ae0ce.dir/build
make[1]: Entering directory '/home/yoom/ethereum_parallel_execution/solidity/build/CMakeFiles/CMakeTmp'
Building CXX object CMakeFiles/cmTC_ae0ce.dir/CheckIncludeFile.cxx.o
/usr/bin/c++    -std=c++14 -o CMakeFiles/cmTC_ae0ce.dir/CheckIncludeFile.cxx.o -c /home/yoom/ethereum_parallel_execution/solidity/build/CMakeFiles/CMakeTmp/CheckIncludeFile.cxx
Linking CXX executable cmTC_ae0ce
/usr/bin/cmake -E cmake_link_script CMakeFiles/cmTC_ae0ce.dir/link.txt --verbose=1
/usr/bin/c++       CMakeFiles/cmTC_ae0ce.dir/CheckIncludeFile.cxx.o  -o cmTC_ae0ce 
make[1]: Leaving directory '/home/yoom/ethereum_parallel_execution/solidity/build/CMakeFiles/CMakeTmp'


Determining if the function pthread_create exists in the pthread passed with the following output:
Change Dir: /home/yoom/ethereum_parallel_execution/solidity/build/CMakeFiles/CMakeTmp

Run Build Command:"/usr/bin/make" "cmTC_278da/fast"
/usr/bin/make -f CMakeFiles/cmTC_278da.dir/build.make CMakeFiles/cmTC_278da.dir/build
make[1]: Entering directory '/home/yoom/ethereum_parallel_execution/solidity/build/CMakeFiles/CMakeTmp'
Building CXX object CMakeFiles/cmTC_278da.dir/CheckFunctionExists.cxx.o
/usr/bin/c++    -DCHECK_FUNCTION_EXISTS=pthread_create   -std=c++14 -o CMakeFiles/cmTC_278da.dir/CheckFunctionExists.cxx.o -c /home/yoom/ethereum_parallel_execution/solidity/build/CMakeFiles/CheckLibraryExists/CheckFunctionExists.cxx
Linking CXX executable cmTC_278da
/usr/bin/cmake -E cmake_link_script CMakeFiles/cmTC_278da.dir/link.txt --verbose=1
/usr/bin/c++   -DCHECK_FUNCTION_EXISTS=pthread_create    CMakeFiles/cmTC_278da.dir/CheckFunctionExists.cxx.o  -o cmTC_278da -lpthread 
make[1]: Leaving directory '/home/yoom/ethereum_parallel_execution/solidity/build/CMakeFiles/CMakeTmp'


Performing C++ SOURCE FILE Test fstack-protector-strong succeeded with the following output:
Change Dir: /home/yoom/ethereum_parallel_execution/solidity/build/CMakeFiles/CMakeTmp

Run Build Command:"/usr/bin/make" "cmTC_0b25b/fast"
/usr/bin/make -f CMakeFiles/cmTC_0b25b.dir/build.make CMakeFiles/cmTC_0b25b.dir/build
make[1]: Entering directory '/home/yoom/ethereum_parallel_execution/solidity/build/CMakeFiles/CMakeTmp'
Building CXX object CMakeFiles/cmTC_0b25b.dir/src.cxx.o
/usr/bin/c++    -Dfstack-protector-strong   -fstack-protector-strong -std=c++14 -o CMakeFiles/cmTC_0b25b.dir/src.cxx.o -c /home/yoom/ethereum_parallel_execution/solidity/build/CMakeFiles/CMakeTmp/src.cxx
<command-line>:0:7: warning: ISO C++11 requires whitespace after the macro name
Linking CXX executable cmTC_0b25b
/usr/bin/cmake -E cmake_link_script CMakeFiles/cmTC_0b25b.dir/link.txt --verbose=1
/usr/bin/c++   -Dfstack-protector-strong    CMakeFiles/cmTC_0b25b.dir/src.cxx.o  -o cmTC_0b25b 
make[1]: Leaving directory '/home/yoom/ethereum_parallel_execution/solidity/build/CMakeFiles/CMakeTmp'

Source file was:
int main() { return 0; }
Performing C++ SOURCE FILE Test Wimplicit-fallthrough succeeded with the following output:
Change Dir: /home/yoom/ethereum_parallel_execution/solidity/build/CMakeFiles/CMakeTmp

Run Build Command:"/usr/bin/make" "cmTC_0cd7c/fast"
/usr/bin/make -f CMakeFiles/cmTC_0cd7c.dir/build.make CMakeFiles/cmTC_0cd7c.dir/build
make[1]: Entering directory '/home/yoom/ethereum_parallel_execution/solidity/build/CMakeFiles/CMakeTmp'
Building CXX object CMakeFiles/cmTC_0cd7c.dir/src.cxx.o
/usr/bin/c++    -DWimplicit-fallthrough   -Wimplicit-fallthrough -std=c++14 -o CMakeFiles/cmTC_0cd7c.dir/src.cxx.o -c /home/yoom/ethereum_parallel_execution/solidity/build/CMakeFiles/CMakeTmp/src.cxx
<command-line>:0:10: warning: ISO C++11 requires whitespace after the macro name
Linking CXX executable cmTC_0cd7c
/usr/bin/cmake -E cmake_link_script CMakeFiles/cmTC_0cd7c.dir/link.txt --verbose=1
/usr/bin/c++   -DWimplicit-fallthrough    CMakeFiles/cmTC_0cd7c.dir/src.cxx.o  -o cmTC_0cd7c 
make[1]: Leaving directory '/home/yoom/ethereum_parallel_execution/solidity/build/CMakeFiles/CMakeTmp'

Source file was:
int main() { return 0; }
